2025-10-16 20:06:29,795 - INFO - Application startup: Initializing resources...
2025-10-16 20:07:06,636 - INFO - Application shutdown: Cleaning up resources...
2025-10-16 20:07:13,738 - INFO - FULL_DIR: /home/fw7th/redact/uploads
2025-10-16 20:07:13,743 - INFO - Application startup: Initializing resources...
2025-10-16 20:25:28,965 - INFO - Application shutdown: Cleaning up resources...
2025-10-16 20:28:46,502 - INFO - FULL_DIR: /home/fw7th/redact/uploads
2025-10-16 20:28:46,506 - INFO - Application startup: Initializing resources...
2025-10-16 20:28:46,507 - INFO - Base_dir: uploads
2025-10-16 20:29:25,415 - INFO - Application shutdown: Cleaning up resources...
2025-10-16 20:29:33,025 - INFO - FULL_DIR: /home/fw7th/redact/uploads
2025-10-16 20:29:33,030 - INFO - Application startup: Initializing resources...
2025-10-16 20:29:33,030 - INFO - Base_dir: uploads
2025-10-16 20:29:45,134 - INFO - Application shutdown: Cleaning up resources...
2025-10-16 20:29:46,260 - INFO - FULL_DIR: /home/fw7th/redact/uploads
2025-10-16 20:29:46,265 - INFO - Application startup: Initializing resources...
2025-10-16 20:29:46,266 - INFO - Base_dir: uploads
2025-10-16 20:29:52,239 - INFO - Application shutdown: Cleaning up resources...
2025-10-16 20:30:13,901 - INFO - FULL_DIR: /home/fw7th/redact/uploads
2025-10-16 20:30:13,906 - INFO - Application startup: Initializing resources...
2025-10-16 20:30:13,906 - INFO - Base_dir: uploads
2025-10-16 20:32:01,716 - INFO - Application shutdown: Cleaning up resources...
2025-10-16 20:32:06,640 - INFO - FULL_DIR: /home/fw7th/redact/uploads
2025-10-16 20:32:06,645 - INFO - Application startup: Initializing resources...
2025-10-16 20:32:06,645 - INFO - Base_dir: uploads
2025-10-16 20:32:32,795 - INFO - Application shutdown: Cleaning up resources...
2025-10-16 20:32:36,887 - INFO - FULL_DIR: /home/fw7th/redact/uploads
2025-10-16 20:32:36,892 - INFO - Application startup: Initializing resources...
2025-10-16 20:32:36,892 - INFO - Base_dir: uploads
2025-10-16 20:32:45,792 - INFO - Application shutdown: Cleaning up resources...
2025-10-16 20:32:53,319 - INFO - FULL_DIR: /home/fw7th/redact/uploads
2025-10-16 20:35:58,100 - INFO - FULL_DIR: /home/fw7th/redact/uploads
2025-10-16 20:36:11,526 - INFO - FULL_DIR: /home/fw7th/redact/uploads
2025-10-16 20:37:25,905 - INFO - FULL_DIR: /uploads
2025-10-16 20:37:49,067 - INFO - FULL_DIR: /uploads
2025-10-16 20:38:14,416 - INFO - FULL_DIR: /uploads
2025-10-16 20:38:18,325 - INFO - FULL_DIR: /uploads
2025-10-16 20:38:32,501 - INFO - FULL_DIR: /uploads
2025-10-16 20:38:51,039 - INFO - FULL_DIR: /uploads
2025-10-16 20:38:51,043 - INFO - Application startup: Initializing resources...
2025-10-16 20:38:51,044 - INFO - Base_dir: /uploads
2025-10-16 20:38:59,568 - INFO - FULL_DIR: /home/fw7th/redact/uploads
2025-10-16 20:38:59,573 - INFO - Application startup: Initializing resources...
2025-10-16 20:38:59,573 - INFO - Base_dir: uploads
2025-10-16 20:41:06,083 - INFO - Application shutdown: Cleaning up resources...
2025-10-16 20:41:07,302 - INFO - FULL_DIR: /uploads
2025-10-16 20:41:07,307 - INFO - Application startup: Initializing resources...
2025-10-16 20:41:07,307 - INFO - Base_dir: /uploads/
2025-10-16 20:42:17,541 - INFO - FULL_DIR: /uploads
2025-10-16 20:42:17,546 - INFO - Application startup: Initializing resources...
2025-10-16 20:42:17,546 - INFO - Base_dir: /uploads/
2025-10-16 20:42:25,944 - INFO - FULL_DIR: /home/fw7th/redact/uploads
2025-10-16 20:42:25,949 - INFO - Application startup: Initializing resources...
2025-10-16 20:42:25,949 - INFO - Base_dir: uploads
2025-10-16 20:42:30,650 - INFO - Application shutdown: Cleaning up resources...
2025-10-16 20:42:31,749 - INFO - FULL_DIR: /home/fw7th/redact/uploads
2025-10-16 20:42:31,754 - INFO - Application startup: Initializing resources...
2025-10-16 20:42:31,754 - INFO - Base_dir: uploads
2025-10-16 20:44:32,444 - INFO - Application shutdown: Cleaning up resources...
2025-10-16 20:44:33,563 - INFO - FULL_DIR: /home/fw7th/redact/uploads
2025-10-16 20:44:33,567 - INFO - Application startup: Initializing resources...
2025-10-16 20:44:33,568 - INFO - Base_dir: uploads
2025-10-16 20:44:41,649 - INFO - Application shutdown: Cleaning up resources...
2025-10-16 20:44:42,769 - INFO - FULL_DIR: /home/fw7th/redact/uploads
2025-10-16 20:44:42,773 - INFO - Application startup: Initializing resources...
2025-10-16 20:44:42,774 - INFO - Base_dir: uploads
2025-10-16 20:44:52,966 - INFO - Application shutdown: Cleaning up resources...
2025-10-16 20:44:54,117 - INFO - FULL_DIR: /home/fw7th/redact/uploads
2025-10-16 20:45:02,249 - INFO - FULL_DIR: /home/fw7th/redact/uploads
2025-10-16 20:50:30,808 - INFO - Base_dir: uploads
2025-10-16 20:50:30,809 - INFO - FULL_DIR: /home/fw7th/redact/uploads
2025-10-16 20:50:30,815 - INFO - Application startup: Initializing resources...
2025-10-16 20:54:44,299 - INFO - Application shutdown: Cleaning up resources...
2025-10-16 20:54:45,428 - INFO - Base_dir: uploads
2025-10-16 20:54:45,428 - INFO - FULL_DIR: /home/fw7th/redact/uploads
2025-10-16 20:54:45,433 - INFO - Application startup: Initializing resources...
2025-10-16 21:01:48,026 - INFO - Application shutdown: Cleaning up resources...
2025-10-16 21:01:49,150 - INFO - Base_dir: uploads
2025-10-16 21:01:49,151 - INFO - FULL_DIR: /home/fw7th/redact/uploads
2025-10-16 21:01:49,155 - INFO - Application startup: Initializing resources...
2025-10-16 21:02:35,832 - INFO - Application shutdown: Cleaning up resources...
2025-10-16 21:02:37,250 - INFO - Base_dir: uploads
2025-10-16 21:02:37,256 - INFO - Application startup: Initializing resources...
2025-10-16 21:02:48,854 - INFO - Application shutdown: Cleaning up resources...
2025-10-16 21:02:50,267 - INFO - Base_dir: uploads
2025-10-16 21:04:00,716 - INFO - Base_dir: uploads
2025-10-16 21:04:00,721 - INFO - Application startup: Initializing resources...
2025-10-16 21:04:04,282 - INFO - Application shutdown: Cleaning up resources...
